# JRE version: OpenJDK Runtime Environment (8.0_152-b02) (build 1.8.0_152-release-1024-b02)
# Java VM: OpenJDK 64-Bit Server VM (25.152-b02 mixed mode windows-amd64 compressed oops)
Heap:
 PSYoungGen      total 229376K, used 8830K [0x00000000e0000000, 0x00000000eff00000, 0x0000000100000000)
  eden space 198656K, 1% used [0x00000000e0000000,0x00000000e0299e90,0x00000000ec200000)
  from space 30720K, 20% used [0x00000000ee100000,0x00000000ee705d00,0x00000000eff00000)
  to   space 25088K, 0% used [0x00000000ec880000,0x00000000ec880000,0x00000000ee100000)
 ParOldGen       total 163840K, used 64062K [0x00000000a0000000, 0x00000000aa000000, 0x00000000e0000000)
  object space 163840K, 39% used [0x00000000a0000000,0x00000000a3e8f838,0x00000000aa000000)
 Metaspace       used 79595K, capacity 83438K, committed 83712K, reserved 1122304K
  class space    used 10392K, capacity 11212K, committed 11264K, reserved 1048576K
GC Heap History (10 events):
Event: 1283.101 GC heap after
Heap after GC invocations=14 (full 3):
 PSYoungGen      total 206336K, used 11292K [0x00000000e0000000, 0x00000000efd00000, 0x0000000100000000)
  eden space 180224K, 0% used [0x00000000e0000000,0x00000000e0000000,0x00000000eb000000)
  from space 26112K, 43% used [0x00000000eb000000,0x00000000ebb07050,0x00000000ec980000)
  to   space 25088K, 0% used [0x00000000ee480000,0x00000000ee480000,0x00000000efd00000)
 ParOldGen       total 163840K, used 45012K [0x00000000a0000000, 0x00000000aa000000, 0x00000000e0000000)
  object space 163840K, 27% used [0x00000000a0000000,0x00000000a2bf5180,0x00000000aa000000)
 Metaspace       used 63001K, capacity 65412K, committed 65664K, reserved 1105920K
  class space    used 8428K, capacity 9035K, committed 9088K, reserved 1048576K
}
Event: 1290.068 GC heap before
{Heap before GC invocations=15 (full 3):
 PSYoungGen      total 206336K, used 191516K [0x00000000e0000000, 0x00000000efd00000, 0x0000000100000000)
  eden space 180224K, 100% used [0x00000000e0000000,0x00000000eb000000,0x00000000eb000000)
  from space 26112K, 43% used [0x00000000eb000000,0x00000000ebb07050,0x00000000ec980000)
  to   space 25088K, 0% used [0x00000000ee480000,0x00000000ee480000,0x00000000efd00000)
 ParOldGen       total 163840K, used 45012K [0x00000000a0000000, 0x00000000aa000000, 0x00000000e0000000)
  object space 163840K, 27% used [0x00000000a0000000,0x00000000a2bf5180,0x00000000aa000000)
 Metaspace       used 68533K, capacity 71072K, committed 71168K, reserved 1110016K
  class space    used 9064K, capacity 9705K, committed 9728K, reserved 1048576K
Event: 1290.102 GC heap after
Heap after GC invocations=15 (full 3):
 PSYoungGen      total 230400K, used 25074K [0x00000000e0000000, 0x00000000f0080000, 0x0000000100000000)
  eden space 205312K, 0% used [0x00000000e0000000,0x00000000e0000000,0x00000000ec880000)
  from space 25088K, 99% used [0x00000000ee480000,0x00000000efcfc970,0x00000000efd00000)
  to   space 28672K, 0% used [0x00000000ec880000,0x00000000ec880000,0x00000000ee480000)
 ParOldGen       total 163840K, used 45074K [0x00000000a0000000, 0x00000000aa000000, 0x00000000e0000000)
  object space 163840K, 27% used [0x00000000a0000000,0x00000000a2c04bb8,0x00000000aa000000)
 Metaspace       used 68533K, capacity 71072K, committed 71168K, reserved 1110016K
  class space    used 9064K, capacity 9705K, committed 9728K, reserved 1048576K
}
Event: 1296.706 GC heap before
{Heap before GC invocations=16 (full 3):
 PSYoungGen      total 230400K, used 230095K [0x00000000e0000000, 0x00000000f0080000, 0x0000000100000000)
  eden space 205312K, 99% used [0x00000000e0000000,0x00000000ec8372e0,0x00000000ec880000)
  from space 25088K, 99% used [0x00000000ee480000,0x00000000efcfc970,0x00000000efd00000)
  to   space 28672K, 0% used [0x00000000ec880000,0x00000000ec880000,0x00000000ee480000)
 ParOldGen       total 163840K, used 45074K [0x00000000a0000000, 0x00000000aa000000, 0x00000000e0000000)
  object space 163840K, 27% used [0x00000000a0000000,0x00000000a2c04bb8,0x00000000aa000000)
 Metaspace       used 70958K, capacity 73650K, committed 73728K, reserved 1114112K
  class space    used 9285K, capacity 9926K, committed 9984K, reserved 1048576K
Event: 1296.728 GC heap after
Heap after GC invocations=16 (full 3):
 PSYoungGen      total 223744K, used 24802K [0x00000000e0000000, 0x00000000eff00000, 0x0000000100000000)
  eden space 198656K, 0% used [0x00000000e0000000,0x00000000e0000000,0x00000000ec200000)
  from space 25088K, 98% used [0x00000000ec880000,0x00000000ee0b8b00,0x00000000ee100000)
  to   space 30720K, 0% used [0x00000000ee100000,0x00000000ee100000,0x00000000eff00000)
 ParOldGen       total 163840K, used 51285K [0x00000000a0000000, 0x00000000aa000000, 0x00000000e0000000)
  object space 163840K, 31% used [0x00000000a0000000,0x00000000a32157a0,0x00000000aa000000)
 Metaspace       used 70958K, capacity 73650K, committed 73728K, reserved 1114112K
  class space    used 9285K, capacity 9926K, committed 9984K, reserved 1048576K
}
Event: 1296.770 GC heap before
{Heap before GC invocations=17 (full 3):
 PSYoungGen      total 223744K, used 222707K [0x00000000e0000000, 0x00000000eff00000, 0x0000000100000000)
  eden space 198656K, 99% used [0x00000000e0000000,0x00000000ec1444d8,0x00000000ec200000)
  from space 25088K, 98% used [0x00000000ec880000,0x00000000ee0b8b00,0x00000000ee100000)
  to   space 30720K, 0% used [0x00000000ee100000,0x00000000ee100000,0x00000000eff00000)
 ParOldGen       total 163840K, used 51285K [0x00000000a0000000, 0x00000000aa000000, 0x00000000e0000000)
  object space 163840K, 31% used [0x00000000a0000000,0x00000000a32157a0,0x00000000aa000000)
 Metaspace       used 70970K, capacity 73650K, committed 73728K, reserved 1114112K
  class space    used 9285K, capacity 9926K, committed 9984K, reserved 1048576K
Event: 1296.785 GC heap after
Heap after GC invocations=17 (full 3):
 PSYoungGen      total 229376K, used 16030K [0x00000000e0000000, 0x00000000eff00000, 0x0000000100000000)
  eden space 198656K, 0% used [0x00000000e0000000,0x00000000e0000000,0x00000000ec200000)
  from space 30720K, 52% used [0x00000000ee100000,0x00000000ef0a7b08,0x00000000eff00000)
  to   space 25088K, 0% used [0x00000000ec880000,0x00000000ec880000,0x00000000ee100000)
 ParOldGen       total 163840K, used 51293K [0x00000000a0000000, 0x00000000aa000000, 0x00000000e0000000)
  object space 163840K, 31% used [0x00000000a0000000,0x00000000a32177a0,0x00000000aa000000)
 Metaspace       used 70970K, capacity 73650K, committed 73728K, reserved 1114112K
  class space    used 9285K, capacity 9926K, committed 9984K, reserved 1048576K
}
Event: 1303.664 GC heap before
{Heap before GC invocations=18 (full 3):
 PSYoungGen      total 229376K, used 214686K [0x00000000e0000000, 0x00000000eff00000, 0x0000000100000000)
  eden space 198656K, 100% used [0x00000000e0000000,0x00000000ec200000,0x00000000ec200000)
  from space 30720K, 52% used [0x00000000ee100000,0x00000000ef0a7b08,0x00000000eff00000)
  to   space 25088K, 0% used [0x00000000ec880000,0x00000000ec880000,0x00000000ee100000)
 ParOldGen       total 163840K, used 51293K [0x00000000a0000000, 0x00000000aa000000, 0x00000000e0000000)
  object space 163840K, 31% used [0x00000000a0000000,0x00000000a32177a0,0x00000000aa000000)
 Metaspace       used 76079K, capacity 79318K, committed 79360K, reserved 1118208K
  class space    used 9972K, capacity 10718K, committed 10752K, reserved 1048576K
Event: 1303.682 GC heap after
Heap after GC invocations=18 (full 3):
 PSYoungGen      total 223744K, used 9141K [0x00000000e0000000, 0x00000000eff00000, 0x0000000100000000)
  eden space 198656K, 0% used [0x00000000e0000000,0x00000000e0000000,0x00000000ec200000)
  from space 25088K, 36% used [0x00000000ec880000,0x00000000ed16d730,0x00000000ee100000)
  to   space 30720K, 0% used [0x00000000ee100000,0x00000000ee100000,0x00000000eff00000)
 ParOldGen       total 163840K, used 61113K [0x00000000a0000000, 0x00000000aa000000, 0x00000000e0000000)
  object space 163840K, 37% used [0x00000000a0000000,0x00000000a3bae728,0x00000000aa000000)
 Metaspace       used 76079K, capacity 79318K, committed 79360K, reserved 1118208K
  class space    used 9972K, capacity 10718K, committed 10752K, reserved 1048576K
}
Event: 1305.854 GC heap before
{Heap before GC invocations=19 (full 3):
 PSYoungGen      total 223744K, used 207551K [0x00000000e0000000, 0x00000000eff00000, 0x0000000100000000)
  eden space 198656K, 99% used [0x00000000e0000000,0x00000000ec1c27d8,0x00000000ec200000)
  from space 25088K, 36% used [0x00000000ec880000,0x00000000ed16d730,0x00000000ee100000)
  to   space 30720K, 0% used [0x00000000ee100000,0x00000000ee100000,0x00000000eff00000)
 ParOldGen       total 163840K, used 61113K [0x00000000a0000000, 0x00000000aa000000, 0x00000000e0000000)
  object space 163840K, 37% used [0x00000000a0000000,0x00000000a3bae728,0x00000000aa000000)
 Metaspace       used 79595K, capacity 83438K, committed 83712K, reserved 1122304K
  class space    used 10392K, capacity 11212K, committed 11264K, reserved 1048576K

