# JRE version: OpenJDK Runtime Environment (8.0_152-b02) (build 1.8.0_152-release-1024-b02)
# Java VM: OpenJDK 64-Bit Server VM (25.152-b02 mixed mode windows-amd64 compressed oops)
Heap:
 PSYoungGen      total 172032K, used 61990K [0x00000000e0000000, 0x00000000ef400000, 0x0000000100000000)
  eden space 137728K, 42% used [0x00000000e0000000,0x00000000e39c6670,0x00000000e8680000)
  from space 34304K, 8% used [0x00000000e8680000,0x00000000e89432f8,0x00000000ea800000)
  to   space 34304K, 0% used [0x00000000ed280000,0x00000000ed280000,0x00000000ef400000)
 ParOldGen       total 162816K, used 67453K [0x00000000a0000000, 0x00000000a9f00000, 0x00000000e0000000)
  object space 162816K, 41% used [0x00000000a0000000,0x00000000a41df5b8,0x00000000a9f00000)
 Metaspace       used 72685K, capacity 75818K, committed 75992K, reserved 1116160K
  class space    used 9597K, capacity 10214K, committed 10240K, reserved 1048576K
GC Heap History (10 events):
Event: 56.615 GC heap before
{Heap before GC invocations=18 (full 3):
 PSYoungGen      total 128512K, used 108032K [0x00000000e0000000, 0x00000000e9f80000, 0x0000000100000000)
  eden space 108032K, 100% used [0x00000000e0000000,0x00000000e6980000,0x00000000e6980000)
  from space 20480K, 0% used [0x00000000e8180000,0x00000000e8180000,0x00000000e9580000)
  to   space 24576K, 0% used [0x00000000e6980000,0x00000000e6980000,0x00000000e8180000)
 ParOldGen       total 162816K, used 44498K [0x00000000a0000000, 0x00000000a9f00000, 0x00000000e0000000)
  object space 162816K, 27% used [0x00000000a0000000,0x00000000a2b74900,0x00000000a9f00000)
 Metaspace       used 58636K, capacity 60362K, committed 60504K, reserved 1101824K
  class space    used 7830K, capacity 8254K, committed 8320K, reserved 1048576K
Event: 56.624 GC heap after
Heap after GC invocations=18 (full 3):
 PSYoungGen      total 132608K, used 3957K [0x00000000e0000000, 0x00000000eae00000, 0x0000000100000000)
  eden space 108032K, 0% used [0x00000000e0000000,0x00000000e0000000,0x00000000e6980000)
  from space 24576K, 16% used [0x00000000e6980000,0x00000000e6d5d700,0x00000000e8180000)
  to   space 24576K, 0% used [0x00000000e9600000,0x00000000e9600000,0x00000000eae00000)
 ParOldGen       total 162816K, used 44506K [0x00000000a0000000, 0x00000000a9f00000, 0x00000000e0000000)
  object space 162816K, 27% used [0x00000000a0000000,0x00000000a2b76900,0x00000000a9f00000)
 Metaspace       used 58636K, capacity 60362K, committed 60504K, reserved 1101824K
  class space    used 7830K, capacity 8254K, committed 8320K, reserved 1048576K
}
Event: 69.037 GC heap before
{Heap before GC invocations=19 (full 3):
 PSYoungGen      total 132608K, used 111989K [0x00000000e0000000, 0x00000000eae00000, 0x0000000100000000)
  eden space 108032K, 100% used [0x00000000e0000000,0x00000000e6980000,0x00000000e6980000)
  from space 24576K, 16% used [0x00000000e6980000,0x00000000e6d5d700,0x00000000e8180000)
  to   space 24576K, 0% used [0x00000000e9600000,0x00000000e9600000,0x00000000eae00000)
 ParOldGen       total 162816K, used 44506K [0x00000000a0000000, 0x00000000a9f00000, 0x00000000e0000000)
  object space 162816K, 27% used [0x00000000a0000000,0x00000000a2b76900,0x00000000a9f00000)
 Metaspace       used 64209K, capacity 66000K, committed 66264K, reserved 1105920K
  class space    used 8448K, capacity 8873K, committed 8960K, reserved 1048576K
Event: 69.068 GC heap after
Heap after GC invocations=19 (full 3):
 PSYoungGen      total 148992K, used 24556K [0x00000000e0000000, 0x00000000eb400000, 0x0000000100000000)
  eden space 124416K, 0% used [0x00000000e0000000,0x00000000e0000000,0x00000000e7980000)
  from space 24576K, 99% used [0x00000000e9600000,0x00000000eadfb138,0x00000000eae00000)
  to   space 29184K, 0% used [0x00000000e7980000,0x00000000e7980000,0x00000000e9600000)
 ParOldGen       total 162816K, used 46666K [0x00000000a0000000, 0x00000000a9f00000, 0x00000000e0000000)
  object space 162816K, 28% used [0x00000000a0000000,0x00000000a2d92b30,0x00000000a9f00000)
 Metaspace       used 64209K, capacity 66000K, committed 66264K, reserved 1105920K
  class space    used 8448K, capacity 8873K, committed 8960K, reserved 1048576K
}
Event: 74.243 GC heap before
{Heap before GC invocations=20 (full 3):
 PSYoungGen      total 148992K, used 148838K [0x00000000e0000000, 0x00000000eb400000, 0x0000000100000000)
  eden space 124416K, 99% used [0x00000000e0000000,0x00000000e795e900,0x00000000e7980000)
  from space 24576K, 99% used [0x00000000e9600000,0x00000000eadfb138,0x00000000eae00000)
  to   space 29184K, 0% used [0x00000000e7980000,0x00000000e7980000,0x00000000e9600000)
 ParOldGen       total 162816K, used 46666K [0x00000000a0000000, 0x00000000a9f00000, 0x00000000e0000000)
  object space 162816K, 28% used [0x00000000a0000000,0x00000000a2d92b30,0x00000000a9f00000)
 Metaspace       used 65587K, capacity 67540K, committed 67672K, reserved 1107968K
  class space    used 8604K, capacity 9065K, committed 9088K, reserved 1048576K
Event: 74.267 GC heap after
Heap after GC invocations=20 (full 3):
 PSYoungGen      total 153600K, used 29177K [0x00000000e0000000, 0x00000000eca00000, 0x0000000100000000)
  eden space 124416K, 0% used [0x00000000e0000000,0x00000000e0000000,0x00000000e7980000)
  from space 29184K, 99% used [0x00000000e7980000,0x00000000e95fe600,0x00000000e9600000)
  to   space 34816K, 0% used [0x00000000ea800000,0x00000000ea800000,0x00000000eca00000)
 ParOldGen       total 162816K, used 48795K [0x00000000a0000000, 0x00000000a9f00000, 0x00000000e0000000)
  object space 162816K, 29% used [0x00000000a0000000,0x00000000a2fa6f60,0x00000000a9f00000)
 Metaspace       used 65587K, capacity 67540K, committed 67672K, reserved 1107968K
  class space    used 8604K, capacity 9065K, committed 9088K, reserved 1048576K
}
Event: 74.293 GC heap before
{Heap before GC invocations=21 (full 3):
 PSYoungGen      total 153600K, used 152857K [0x00000000e0000000, 0x00000000eca00000, 0x0000000100000000)
  eden space 124416K, 99% used [0x00000000e0000000,0x00000000e78c7ff0,0x00000000e7980000)
  from space 29184K, 99% used [0x00000000e7980000,0x00000000e95fe600,0x00000000e9600000)
  to   space 34816K, 0% used [0x00000000ea800000,0x00000000ea800000,0x00000000eca00000)
 ParOldGen       total 162816K, used 48795K [0x00000000a0000000, 0x00000000a9f00000, 0x00000000e0000000)
  object space 162816K, 29% used [0x00000000a0000000,0x00000000a2fa6f60,0x00000000a9f00000)
 Metaspace       used 65593K, capacity 67540K, committed 67672K, reserved 1107968K
  class space    used 8604K, capacity 9065K, committed 9088K, reserved 1048576K
Event: 74.314 GC heap after
Heap after GC invocations=21 (full 3):
 PSYoungGen      total 172544K, used 18486K [0x00000000e0000000, 0x00000000ee580000, 0x0000000100000000)
  eden space 137728K, 0% used [0x00000000e0000000,0x00000000e0000000,0x00000000e8680000)
  from space 34816K, 53% used [0x00000000ea800000,0x00000000eba0daf8,0x00000000eca00000)
  to   space 34304K, 0% used [0x00000000e8680000,0x00000000e8680000,0x00000000ea800000)
 ParOldGen       total 162816K, used 51292K [0x00000000a0000000, 0x00000000a9f00000, 0x00000000e0000000)
  object space 162816K, 31% used [0x00000000a0000000,0x00000000a32170d0,0x00000000a9f00000)
 Metaspace       used 65593K, capacity 67540K, committed 67672K, reserved 1107968K
  class space    used 8604K, capacity 9065K, committed 9088K, reserved 1048576K
}
Event: 77.786 GC heap before
{Heap before GC invocations=22 (full 3):
 PSYoungGen      total 172544K, used 156214K [0x00000000e0000000, 0x00000000ee580000, 0x0000000100000000)
  eden space 137728K, 100% used [0x00000000e0000000,0x00000000e8680000,0x00000000e8680000)
  from space 34816K, 53% used [0x00000000ea800000,0x00000000eba0daf8,0x00000000eca00000)
  to   space 34304K, 0% used [0x00000000e8680000,0x00000000e8680000,0x00000000ea800000)
 ParOldGen       total 162816K, used 51292K [0x00000000a0000000, 0x00000000a9f00000, 0x00000000e0000000)
  object space 162816K, 31% used [0x00000000a0000000,0x00000000a32170d0,0x00000000a9f00000)
 Metaspace       used 66524K, capacity 68546K, committed 68568K, reserved 1107968K
  class space    used 8726K, capacity 9206K, committed 9216K, reserved 1048576K
Event: 77.807 GC heap after
Heap after GC invocations=22 (full 3):
 PSYoungGen      total 172032K, used 2828K [0x00000000e0000000, 0x00000000ef400000, 0x0000000100000000)
  eden space 137728K, 0% used [0x00000000e0000000,0x00000000e0000000,0x00000000e8680000)
  from space 34304K, 8% used [0x00000000e8680000,0x00000000e89432f8,0x00000000ea800000)
  to   space 34304K, 0% used [0x00000000ed280000,0x00000000ed280000,0x00000000ef400000)
 ParOldGen       total 162816K, used 67453K [0x00000000a0000000, 0x00000000a9f00000, 0x00000000e0000000)
  object space 162816K, 41% used [0x00000000a0000000,0x00000000a41df5b8,0x00000000a9f00000)
 Metaspace       used 66524K, capacity 68546K, committed 68568K, reserved 1107968K
  class space    used 8726K, capacity 9206K, committed 9216K, reserved 1048576K
}

