# JRE version: OpenJDK Runtime Environment (8.0_152-b02) (build 1.8.0_152-release-1024-b02)
# Java VM: OpenJDK 64-Bit Server VM (25.152-b02 mixed mode windows-amd64 compressed oops)
Heap:
 PSYoungGen      total 200192K, used 19565K [0x00000000e0000000, 0x00000000f2780000, 0x0000000100000000)
  eden space 180224K, 10% used [0x00000000e0000000,0x00000000e131b698,0x00000000eb000000)
  from space 19968K, 0% used [0x00000000eb000000,0x00000000eb000000,0x00000000ec380000)
  to   space 18944K, 0% used [0x00000000f1500000,0x00000000f1500000,0x00000000f2780000)
 ParOldGen       total 126464K, used 32408K [0x00000000a0000000, 0x00000000a7b80000, 0x00000000e0000000)
  object space 126464K, 25% used [0x00000000a0000000,0x00000000a1fa6040,0x00000000a7b80000)
 Metaspace       used 58331K, capacity 59860K, committed 60120K, reserved 1101824K
  class space    used 7768K, capacity 8143K, committed 8192K, reserved 1048576K
GC Heap History (10 events):
Event: 8.409 GC heap before
{Heap before GC invocations=10 (full 2):
 PSYoungGen      total 140800K, used 131072K [0x00000000e0000000, 0x00000000eb200000, 0x0000000100000000)
  eden space 131072K, 100% used [0x00000000e0000000,0x00000000e8000000,0x00000000e8000000)
  from space 9728K, 0% used [0x00000000e8000000,0x00000000e8000000,0x00000000e8980000)
  to   space 12288K, 0% used [0x00000000ea600000,0x00000000ea600000,0x00000000eb200000)
 ParOldGen       total 101888K, used 19412K [0x00000000a0000000, 0x00000000a6380000, 0x00000000e0000000)
  object space 101888K, 19% used [0x00000000a0000000,0x00000000a12f5170,0x00000000a6380000)
 Metaspace       used 44973K, capacity 45746K, committed 45784K, reserved 1089536K
  class space    used 6142K, capacity 6378K, committed 6400K, reserved 1048576K
Event: 8.428 GC heap after
Heap after GC invocations=10 (full 2):
 PSYoungGen      total 167424K, used 12274K [0x00000000e0000000, 0x00000000eca00000, 0x0000000100000000)
  eden space 155136K, 0% used [0x00000000e0000000,0x00000000e0000000,0x00000000e9780000)
  from space 12288K, 99% used [0x00000000ea600000,0x00000000eb1fc8d8,0x00000000eb200000)
  to   space 14848K, 0% used [0x00000000e9780000,0x00000000e9780000,0x00000000ea600000)
 ParOldGen       total 101888K, used 21325K [0x00000000a0000000, 0x00000000a6380000, 0x00000000e0000000)
  object space 101888K, 20% used [0x00000000a0000000,0x00000000a14d36c8,0x00000000a6380000)
 Metaspace       used 44973K, capacity 45746K, committed 45784K, reserved 1089536K
  class space    used 6142K, capacity 6378K, committed 6400K, reserved 1048576K
}
Event: 23.624 GC heap before
{Heap before GC invocations=11 (full 2):
 PSYoungGen      total 167424K, used 167410K [0x00000000e0000000, 0x00000000eca00000, 0x0000000100000000)
  eden space 155136K, 100% used [0x00000000e0000000,0x00000000e9780000,0x00000000e9780000)
  from space 12288K, 99% used [0x00000000ea600000,0x00000000eb1fc8d8,0x00000000eb200000)
  to   space 14848K, 0% used [0x00000000e9780000,0x00000000e9780000,0x00000000ea600000)
 ParOldGen       total 101888K, used 21325K [0x00000000a0000000, 0x00000000a6380000, 0x00000000e0000000)
  object space 101888K, 20% used [0x00000000a0000000,0x00000000a14d36c8,0x00000000a6380000)
 Metaspace       used 54037K, capacity 55512K, committed 55640K, reserved 1097728K
  class space    used 7352K, capacity 7721K, committed 7808K, reserved 1048576K
Event: 23.650 GC heap after
Heap after GC invocations=11 (full 2):
 PSYoungGen      total 169984K, used 14821K [0x00000000e0000000, 0x00000000eda80000, 0x0000000100000000)
  eden space 155136K, 0% used [0x00000000e0000000,0x00000000e0000000,0x00000000e9780000)
  from space 14848K, 99% used [0x00000000e9780000,0x00000000ea5f9520,0x00000000ea600000)
  to   space 20480K, 0% used [0x00000000ec680000,0x00000000ec680000,0x00000000eda80000)
 ParOldGen       total 101888K, used 30075K [0x00000000a0000000, 0x00000000a6380000, 0x00000000e0000000)
  object space 101888K, 29% used [0x00000000a0000000,0x00000000a1d5ec38,0x00000000a6380000)
 Metaspace       used 54037K, capacity 55512K, committed 55640K, reserved 1097728K
  class space    used 7352K, capacity 7721K, committed 7808K, reserved 1048576K
}
Event: 29.250 GC heap before
{Heap before GC invocations=12 (full 2):
 PSYoungGen      total 169984K, used 169686K [0x00000000e0000000, 0x00000000eda80000, 0x0000000100000000)
  eden space 155136K, 99% used [0x00000000e0000000,0x00000000e973c348,0x00000000e9780000)
  from space 14848K, 99% used [0x00000000e9780000,0x00000000ea5f9520,0x00000000ea600000)
  to   space 20480K, 0% used [0x00000000ec680000,0x00000000ec680000,0x00000000eda80000)
 ParOldGen       total 101888K, used 30075K [0x00000000a0000000, 0x00000000a6380000, 0x00000000e0000000)
  object space 101888K, 29% used [0x00000000a0000000,0x00000000a1d5ec38,0x00000000a6380000)
 Metaspace       used 57296K, capacity 58802K, committed 58968K, reserved 1099776K
  class space    used 7648K, capacity 8004K, committed 8064K, reserved 1048576K
Event: 29.276 GC heap after
Heap after GC invocations=12 (full 2):
 PSYoungGen      total 197120K, used 11186K [0x00000000e0000000, 0x00000000ed700000, 0x0000000100000000)
  eden space 180224K, 0% used [0x00000000e0000000,0x00000000e0000000,0x00000000eb000000)
  from space 16896K, 66% used [0x00000000ec680000,0x00000000ed16cb70,0x00000000ed700000)
  to   space 19968K, 0% used [0x00000000eb000000,0x00000000eb000000,0x00000000ec380000)
 ParOldGen       total 101888K, used 36207K [0x00000000a0000000, 0x00000000a6380000, 0x00000000e0000000)
  object space 101888K, 35% used [0x00000000a0000000,0x00000000a235bd80,0x00000000a6380000)
 Metaspace       used 57296K, capacity 58802K, committed 58968K, reserved 1099776K
  class space    used 7648K, capacity 8004K, committed 8064K, reserved 1048576K
}
Event: 29.301 GC heap before
{Heap before GC invocations=13 (full 2):
 PSYoungGen      total 197120K, used 19793K [0x00000000e0000000, 0x00000000ed700000, 0x0000000100000000)
  eden space 180224K, 4% used [0x00000000e0000000,0x00000000e0867bf0,0x00000000eb000000)
  from space 16896K, 66% used [0x00000000ec680000,0x00000000ed16cb70,0x00000000ed700000)
  to   space 19968K, 0% used [0x00000000eb000000,0x00000000eb000000,0x00000000ec380000)
 ParOldGen       total 101888K, used 36207K [0x00000000a0000000, 0x00000000a6380000, 0x00000000e0000000)
  object space 101888K, 35% used [0x00000000a0000000,0x00000000a235bd80,0x00000000a6380000)
 Metaspace       used 57342K, capacity 58906K, committed 58968K, reserved 1099776K
  class space    used 7652K, capacity 8038K, committed 8064K, reserved 1048576K
Event: 29.314 GC heap after
Heap after GC invocations=13 (full 2):
 PSYoungGen      total 200192K, used 9645K [0x00000000e0000000, 0x00000000f2780000, 0x0000000100000000)
  eden space 180224K, 0% used [0x00000000e0000000,0x00000000e0000000,0x00000000eb000000)
  from space 19968K, 48% used [0x00000000eb000000,0x00000000eb96b700,0x00000000ec380000)
  to   space 18944K, 0% used [0x00000000f1500000,0x00000000f1500000,0x00000000f2780000)
 ParOldGen       total 101888K, used 36207K [0x00000000a0000000, 0x00000000a6380000, 0x00000000e0000000)
  object space 101888K, 35% used [0x00000000a0000000,0x00000000a235bd80,0x00000000a6380000)
 Metaspace       used 57342K, capacity 58906K, committed 58968K, reserved 1099776K
  class space    used 7652K, capacity 8038K, committed 8064K, reserved 1048576K
}
Event: 29.314 GC heap before
{Heap before GC invocations=14 (full 3):
 PSYoungGen      total 200192K, used 9645K [0x00000000e0000000, 0x00000000f2780000, 0x0000000100000000)
  eden space 180224K, 0% used [0x00000000e0000000,0x00000000e0000000,0x00000000eb000000)
  from space 19968K, 48% used [0x00000000eb000000,0x00000000eb96b700,0x00000000ec380000)
  to   space 18944K, 0% used [0x00000000f1500000,0x00000000f1500000,0x00000000f2780000)
 ParOldGen       total 101888K, used 36207K [0x00000000a0000000, 0x00000000a6380000, 0x00000000e0000000)
  object space 101888K, 35% used [0x00000000a0000000,0x00000000a235bd80,0x00000000a6380000)
 Metaspace       used 57342K, capacity 58906K, committed 58968K, reserved 1099776K
  class space    used 7652K, capacity 8038K, committed 8064K, reserved 1048576K
Event: 29.518 GC heap after
Heap after GC invocations=14 (full 3):
 PSYoungGen      total 200192K, used 0K [0x00000000e0000000, 0x00000000f2780000, 0x0000000100000000)
  eden space 180224K, 0% used [0x00000000e0000000,0x00000000e0000000,0x00000000eb000000)
  from space 19968K, 0% used [0x00000000eb000000,0x00000000eb000000,0x00000000ec380000)
  to   space 18944K, 0% used [0x00000000f1500000,0x00000000f1500000,0x00000000f2780000)
 ParOldGen       total 126464K, used 32408K [0x00000000a0000000, 0x00000000a7b80000, 0x00000000e0000000)
  object space 126464K, 25% used [0x00000000a0000000,0x00000000a1fa6040,0x00000000a7b80000)
 Metaspace       used 57342K, capacity 58906K, committed 58968K, reserved 1099776K
  class space    used 7652K, capacity 8038K, committed 8064K, reserved 1048576K
}

